TN:
SF:Flight.js
FNF:0
FNH:0
DA:1,1
DA:2,1
DA:4,1
DA:28,1
LF:4
LH:4
BRF:0
BRH:0
end_of_record
TN:
SF:flights.js
FN:19,(anonymous_0)
FN:20,(anonymous_1)
FN:105,(anonymous_2)
FN:116,(anonymous_3)
FN:120,(anonymous_4)
FN:143,(anonymous_5)
FN:144,(anonymous_6)
FN:173,(anonymous_7)
FN:174,(anonymous_8)
FN:214,(anonymous_9)
FN:215,(anonymous_10)
FN:222,(anonymous_11)
FN:261,(anonymous_12)
FN:265,(anonymous_13)
FN:270,(anonymous_14)
FN:301,(anonymous_15)
FN:302,(anonymous_16)
FN:307,(anonymous_17)
FN:346,(anonymous_18)
FN:355,(anonymous_19)
FN:359,(anonymous_20)
FN:368,(anonymous_21)
FNF:22
FNH:16
FNDA:1,(anonymous_0)
FNDA:0,(anonymous_1)
FNDA:1,(anonymous_2)
FNDA:1,(anonymous_3)
FNDA:0,(anonymous_4)
FNDA:1,(anonymous_5)
FNDA:1,(anonymous_6)
FNDA:1,(anonymous_7)
FNDA:1,(anonymous_8)
FNDA:1,(anonymous_9)
FNDA:1,(anonymous_10)
FNDA:0,(anonymous_11)
FNDA:1,(anonymous_12)
FNDA:1,(anonymous_13)
FNDA:0,(anonymous_14)
FNDA:1,(anonymous_15)
FNDA:1,(anonymous_16)
FNDA:0,(anonymous_17)
FNDA:1,(anonymous_18)
FNDA:1,(anonymous_19)
FNDA:0,(anonymous_20)
FNDA:1,(anonymous_21)
DA:2,1
DA:3,1
DA:4,1
DA:5,1
DA:8,1
DA:9,1
DA:12,1
DA:13,1
DA:15,1
DA:18,1
DA:19,1
DA:20,0
DA:22,1
DA:23,1
DA:30,1
DA:46,1
DA:47,1
DA:49,1
DA:105,1
DA:106,1
DA:115,1
DA:116,1
DA:117,1
DA:118,1
DA:121,0
DA:122,0
DA:143,1
DA:144,1
DA:145,1
DA:173,1
DA:174,1
DA:175,1
DA:176,1
DA:179,0
DA:214,1
DA:215,1
DA:216,1
DA:217,1
DA:220,0
DA:223,0
DA:224,0
DA:261,1
DA:262,1
DA:263,1
DA:265,1
DA:267,1
DA:268,1
DA:271,0
DA:272,0
DA:301,1
DA:302,1
DA:303,1
DA:304,1
DA:308,0
DA:309,0
DA:346,1
DA:347,1
DA:354,1
DA:356,1
DA:358,1
DA:360,0
DA:361,0
DA:368,1
DA:369,1
DA:372,1
LF:65
LH:52
BRDA:121,0,0,0
BRDA:121,0,1,0
BRDA:175,1,0,1
BRDA:175,1,1,0
BRDA:216,2,0,1
BRDA:216,2,1,0
BRDA:223,3,0,0
BRDA:223,3,1,0
BRDA:271,4,0,0
BRDA:271,4,1,0
BRDA:308,5,0,0
BRDA:308,5,1,0
BRDA:360,6,0,0
BRDA:360,6,1,0
BRF:14
BRH:2
end_of_record
